2023-03-23 18:47:31,569 [1] INFO labRepositoryCs.repository.ArtistsDBRepository - Initializing ArtistsDBRepository
2023-03-23 18:47:31,596 [1] INFO labRepositoryCs.repository.ArtistsDBRepository - getting all artists
2023-03-23 18:49:04,421 [1] INFO labRepositoryCs.repository.ArtistsDBRepository - Initializing ArtistsDBRepository
2023-03-23 18:49:04,433 [1] INFO labRepositoryCs.repository.ArtistsDBRepository - getting all artists
2023-03-23 19:47:37,161 [1] INFO labRepositoryCs.repository.ArtistsDBRepository - Initializing ArtistsDBRepository
2023-03-23 19:47:37,175 [1] INFO labRepositoryCs.repository.ArtistsDBRepository - getting all artists
2023-03-23 19:47:37,567 [1] INFO labRepositoryCs.repository.ArtistsDBRepository - finished finding all
2023-03-23 19:47:58,198 [1] INFO labRepositoryCs.repository.ArtistsDBRepository - Initializing ArtistsDBRepository
2023-03-23 19:47:58,211 [1] INFO labRepositoryCs.repository.ArtistsDBRepository - getting all artists
2023-03-23 19:47:58,285 [1] INFO labRepositoryCs.repository.ArtistsDBRepository - finished finding all
2023-03-23 20:03:56,170 [1] INFO labRepositoryCs.repository.ArtistsDBRepository - Initializing ArtistsDBRepository
2023-03-23 20:03:56,183 [1] INFO labRepositoryCs.repository.ArtistsDBRepository - getting all artists
2023-03-23 20:03:56,256 [1] INFO labRepositoryCs.repository.ArtistsDBRepository - finished finding all
2023-03-23 20:12:59,497 [1] INFO labRepositoryCs.repository.ArtistsDBRepository - Initializing ArtistsDBRepository
2023-03-23 20:12:59,512 [1] INFO labRepositoryCs.repository.ArtistsDBRepository - getting all artists
2023-03-23 20:12:59,589 [1] INFO labRepositoryCs.repository.ArtistsDBRepository - finished finding all
2023-03-23 20:12:59,591 [1] INFO labRepositoryCs.repository.CashiersDBRepository - Initializing ArtistsDBRepository
2023-03-23 20:12:59,592 [1] INFO labRepositoryCs.repository.CashiersDBRepository - find cashier by username and password toni toni
2023-03-23 20:12:59,597 [1] INFO labRepositoryCs.repository.CashiersDBRepository - The cashier found labRepositoryCs.model.Cashier
2023-03-23 20:52:03,314 [1] INFO labRepositoryCs.repository.ArtistsDBRepository - Initializing ArtistsDBRepository
2023-03-23 20:52:03,327 [1] INFO labRepositoryCs.repository.ArtistsDBRepository - getting all artists
2023-03-23 20:52:03,429 [1] INFO labRepositoryCs.repository.ArtistsDBRepository - finished finding all
2023-03-23 20:52:03,431 [1] INFO labRepositoryCs.repository.CashiersDBRepository - Initializing CashiersDBRepository
2023-03-23 20:52:03,432 [1] INFO labRepositoryCs.repository.CashiersDBRepository - find cashier by username and password toni toni
2023-03-23 20:52:03,436 [1] INFO labRepositoryCs.repository.CashiersDBRepository - The cashier found labRepositoryCs.model.Cashier
2023-03-23 20:52:03,437 [1] INFO labRepositoryCs.repository.ArtistsDBRepository - Initializing OrdersDBRepository
2023-03-23 20:52:03,438 [1] INFO labRepositoryCs.repository.ArtistsDBRepository - saving the order labRepositoryCs.model.Order in db
2023-03-23 20:52:03,443 [1] INFO labRepositoryCs.repository.ArtistsDBRepository - saved entity labRepositoryCs.model.Order
2023-03-23 21:01:05,612 [1] INFO labRepositoryCs.repository.ArtistsDBRepository - Initializing ArtistsDBRepository
2023-03-23 21:01:05,627 [1] INFO labRepositoryCs.repository.ArtistsDBRepository - getting all artists
2023-03-23 21:01:05,707 [1] INFO labRepositoryCs.repository.ArtistsDBRepository - finished finding all
2023-03-23 21:01:05,710 [1] INFO labRepositoryCs.repository.CashiersDBRepository - Initializing CashiersDBRepository
2023-03-23 21:01:05,710 [1] INFO labRepositoryCs.repository.CashiersDBRepository - find cashier by username and password toni toni
2023-03-23 21:01:05,715 [1] INFO labRepositoryCs.repository.CashiersDBRepository - The cashier found labRepositoryCs.model.Cashier
2023-03-23 21:01:05,715 [1] INFO labRepositoryCs.repository.ArtistsDBRepository - Initializing OrdersDBRepository
2023-03-23 21:01:05,716 [1] INFO labRepositoryCs.repository.ArtistsDBRepository - saving the order labRepositoryCs.model.Order in db
2023-03-23 21:01:05,722 [1] INFO labRepositoryCs.repository.ArtistsDBRepository - saved entity labRepositoryCs.model.Order
2023-03-23 21:01:05,722 [1] INFO labRepositoryCs.repository.CashiersDBRepository - Initializing ConcertsDBRepository
2023-03-23 21:01:05,723 [1] INFO labRepositoryCs.repository.CashiersDBRepository - update concert tickets with id 1
2023-03-23 21:15:22,068 [1] INFO labRepositoryCs.repository.ArtistsDBRepository - Initializing ArtistsDBRepository
2023-03-23 21:15:22,083 [1] INFO labRepositoryCs.repository.ArtistsDBRepository - getting all artists
2023-03-23 21:15:22,155 [1] INFO labRepositoryCs.repository.ArtistsDBRepository - finished finding all
2023-03-23 21:15:22,158 [1] INFO labRepositoryCs.repository.CashiersDBRepository - Initializing CashiersDBRepository
2023-03-23 21:15:22,159 [1] INFO labRepositoryCs.repository.CashiersDBRepository - find cashier by username and password toni toni
2023-03-23 21:15:22,165 [1] INFO labRepositoryCs.repository.CashiersDBRepository - The cashier found labRepositoryCs.model.Cashier
2023-03-23 21:15:22,166 [1] INFO labRepositoryCs.repository.ArtistsDBRepository - Initializing OrdersDBRepository
2023-03-23 21:15:22,166 [1] INFO labRepositoryCs.repository.ArtistsDBRepository - saving the order labRepositoryCs.model.Order in db
2023-03-23 21:15:22,172 [1] INFO labRepositoryCs.repository.ArtistsDBRepository - saved entity labRepositoryCs.model.Order
2023-03-23 21:15:22,172 [1] INFO labRepositoryCs.repository.CashiersDBRepository - Initializing ConcertsDBRepository
2023-03-23 21:15:22,172 [1] INFO labRepositoryCs.repository.CashiersDBRepository - update concert tickets with id 1
2023-03-23 21:15:22,176 [1] INFO labRepositoryCs.repository.CashiersDBRepository - updated order with id 1
2023-03-23 21:21:22,494 [1] INFO labRepositoryCs.repository.ArtistsDBRepository - Initializing ArtistsDBRepository
2023-03-23 21:21:22,508 [1] INFO labRepositoryCs.repository.ArtistsDBRepository - getting all artists
2023-03-23 21:21:22,587 [1] INFO labRepositoryCs.repository.ArtistsDBRepository - finished finding all
2023-03-23 21:21:22,590 [1] INFO labRepositoryCs.repository.CashiersDBRepository - Initializing CashiersDBRepository
2023-03-23 21:21:22,591 [1] INFO labRepositoryCs.repository.CashiersDBRepository - find cashier by username and password toni toni
2023-03-23 21:21:22,597 [1] INFO labRepositoryCs.repository.CashiersDBRepository - The cashier found labRepositoryCs.model.Cashier
2023-03-23 21:21:22,598 [1] INFO labRepositoryCs.repository.ArtistsDBRepository - Initializing OrdersDBRepository
2023-03-23 21:21:22,598 [1] INFO labRepositoryCs.repository.ArtistsDBRepository - saving the order labRepositoryCs.model.Order in db
2023-03-23 21:21:22,605 [1] INFO labRepositoryCs.repository.ArtistsDBRepository - saved entity labRepositoryCs.model.Order
2023-03-23 21:21:22,606 [1] INFO labRepositoryCs.repository.CashiersDBRepository - Initializing ConcertsDBRepository
2023-03-23 21:21:22,606 [1] INFO labRepositoryCs.repository.CashiersDBRepository - update concert tickets with id 1
2023-03-23 21:21:22,610 [1] INFO labRepositoryCs.repository.CashiersDBRepository - updated order with id 1
2023-03-23 21:21:47,445 [1] INFO labRepositoryCs.repository.ArtistsDBRepository - Initializing ArtistsDBRepository
2023-03-23 21:21:47,458 [1] INFO labRepositoryCs.repository.ArtistsDBRepository - getting all artists
2023-03-23 21:21:47,540 [1] INFO labRepositoryCs.repository.ArtistsDBRepository - finished finding all
2023-03-23 21:21:47,542 [1] INFO labRepositoryCs.repository.CashiersDBRepository - Initializing CashiersDBRepository
2023-03-23 21:21:47,542 [1] INFO labRepositoryCs.repository.CashiersDBRepository - find cashier by username and password toni toni
2023-03-23 21:21:47,548 [1] INFO labRepositoryCs.repository.CashiersDBRepository - The cashier found labRepositoryCs.model.Cashier
2023-03-23 21:21:47,548 [1] INFO labRepositoryCs.repository.ArtistsDBRepository - Initializing OrdersDBRepository
2023-03-23 21:21:47,549 [1] INFO labRepositoryCs.repository.ArtistsDBRepository - saving the order labRepositoryCs.model.Order in db
2023-03-23 21:21:47,554 [1] INFO labRepositoryCs.repository.ArtistsDBRepository - saved entity labRepositoryCs.model.Order
2023-03-23 21:21:47,554 [1] INFO labRepositoryCs.repository.CashiersDBRepository - Initializing ConcertsDBRepository
2023-03-23 21:21:47,554 [1] INFO labRepositoryCs.repository.CashiersDBRepository - update concert tickets with id 1
2023-03-23 21:21:47,558 [1] INFO labRepositoryCs.repository.CashiersDBRepository - updated order with id 1
2023-03-23 21:23:39,970 [1] INFO labRepositoryCs.repository.ArtistsDBRepository - Initializing ArtistsDBRepository
2023-03-23 21:23:39,982 [1] INFO labRepositoryCs.repository.ArtistsDBRepository - getting all artists
2023-03-23 21:23:40,062 [1] INFO labRepositoryCs.repository.ArtistsDBRepository - finished finding all
2023-03-23 21:23:40,066 [1] INFO labRepositoryCs.repository.CashiersDBRepository - Initializing CashiersDBRepository
2023-03-23 21:23:40,066 [1] INFO labRepositoryCs.repository.CashiersDBRepository - find cashier by username and password toni toni
2023-03-23 21:23:40,072 [1] INFO labRepositoryCs.repository.CashiersDBRepository - The cashier found labRepositoryCs.model.Cashier
2023-03-23 21:23:40,072 [1] INFO labRepositoryCs.repository.ArtistsDBRepository - Initializing OrdersDBRepository
2023-03-23 21:23:40,073 [1] INFO labRepositoryCs.repository.ArtistsDBRepository - saving the order labRepositoryCs.model.Order in db
2023-03-23 21:23:40,078 [1] INFO labRepositoryCs.repository.ArtistsDBRepository - saved entity labRepositoryCs.model.Order
2023-03-23 21:23:40,079 [1] INFO labRepositoryCs.repository.CashiersDBRepository - Initializing ConcertsDBRepository
2023-03-23 21:23:40,079 [1] INFO labRepositoryCs.repository.CashiersDBRepository - update concert tickets with id 1
2023-03-23 21:23:40,083 [1] INFO labRepositoryCs.repository.CashiersDBRepository - updated order with id 1
2023-03-23 21:30:53,885 [1] INFO labRepositoryCs.repository.ArtistsDBRepository - Initializing ArtistsDBRepository
2023-03-23 21:30:53,899 [1] INFO labRepositoryCs.repository.ArtistsDBRepository - getting all artists
2023-03-23 21:30:53,971 [1] INFO labRepositoryCs.repository.ArtistsDBRepository - finished finding all
2023-03-23 21:30:53,974 [1] INFO labRepositoryCs.repository.CashiersDBRepository - Initializing CashiersDBRepository
2023-03-23 21:30:53,975 [1] INFO labRepositoryCs.repository.CashiersDBRepository - find cashier by username and password toni toni
2023-03-23 21:30:53,979 [1] INFO labRepositoryCs.repository.CashiersDBRepository - The cashier found labRepositoryCs.model.Cashier
2023-03-23 21:30:53,980 [1] INFO labRepositoryCs.repository.ArtistsDBRepository - Initializing OrdersDBRepository
2023-03-23 21:30:53,981 [1] INFO labRepositoryCs.repository.ArtistsDBRepository - saving the order labRepositoryCs.model.Order in db
2023-03-23 21:30:54,006 [1] INFO labRepositoryCs.repository.ArtistsDBRepository - saved entity labRepositoryCs.model.Order
2023-03-23 21:30:54,006 [1] INFO labRepositoryCs.repository.CashiersDBRepository - Initializing ConcertsDBRepository
2023-03-23 21:30:54,007 [1] INFO labRepositoryCs.repository.CashiersDBRepository - update concert tickets with id 1
2023-03-23 21:30:54,007 [1] INFO labRepositoryCs.repository.CashiersDBRepository - updated order with id 1
2023-03-29 19:53:17,746 [1] INFO labRepositoryCs.repository.ArtistsDBRepository - Initializing ArtistsDBRepository
2023-03-29 19:53:17,760 [1] INFO labRepositoryCs.repository.ArtistsDBRepository - getting all artists
2023-03-29 19:53:18,014 [1] INFO labRepositoryCs.repository.ArtistsDBRepository - finished finding all
2023-03-29 19:53:18,017 [1] INFO labRepositoryCs.repository.CashiersDBRepository - Initializing CashiersDBRepository
2023-03-29 19:53:18,017 [1] INFO labRepositoryCs.repository.CashiersDBRepository - find cashier by username and password toni toni
2023-03-29 19:53:18,022 [1] INFO labRepositoryCs.repository.CashiersDBRepository - The cashier found labRepositoryCs.model.Cashier
2023-03-29 19:53:18,022 [1] INFO labRepositoryCs.repository.ArtistsDBRepository - Initializing OrdersDBRepository
2023-03-29 19:53:18,023 [1] INFO labRepositoryCs.repository.ArtistsDBRepository - saving the order labRepositoryCs.model.Order in db
2023-03-29 19:53:18,036 [1] INFO labRepositoryCs.repository.ArtistsDBRepository - saved entity labRepositoryCs.model.Order
2023-03-29 19:53:18,037 [1] INFO labRepositoryCs.repository.CashiersDBRepository - Initializing ConcertsDBRepository
2023-03-29 19:53:18,037 [1] INFO labRepositoryCs.repository.CashiersDBRepository - update concert tickets with id 1
2023-03-29 19:53:18,038 [1] INFO labRepositoryCs.repository.CashiersDBRepository - updated order with id 1
2023-03-29 19:53:37,121 [1] INFO labRepositoryCs.repository.ArtistsDBRepository - Initializing ArtistsDBRepository
2023-03-29 19:53:37,133 [1] INFO labRepositoryCs.repository.ArtistsDBRepository - getting all artists
2023-03-29 19:53:37,205 [1] INFO labRepositoryCs.repository.ArtistsDBRepository - finished finding all
2023-03-29 19:53:37,207 [1] INFO labRepositoryCs.repository.CashiersDBRepository - Initializing CashiersDBRepository
2023-03-29 19:53:37,208 [1] INFO labRepositoryCs.repository.CashiersDBRepository - find cashier by username and password toni toni
2023-03-29 19:53:37,214 [1] INFO labRepositoryCs.repository.CashiersDBRepository - The cashier found labRepositoryCs.model.Cashier
2023-03-29 19:53:37,214 [1] INFO labRepositoryCs.repository.ArtistsDBRepository - Initializing OrdersDBRepository
2023-03-29 19:53:37,214 [1] INFO labRepositoryCs.repository.ArtistsDBRepository - saving the order labRepositoryCs.model.Order in db
2023-03-29 19:53:37,227 [1] INFO labRepositoryCs.repository.ArtistsDBRepository - saved entity labRepositoryCs.model.Order
2023-03-29 19:53:37,228 [1] INFO labRepositoryCs.repository.CashiersDBRepository - Initializing ConcertsDBRepository
2023-03-29 19:53:37,229 [1] INFO labRepositoryCs.repository.CashiersDBRepository - update concert tickets with id 1
2023-03-29 19:53:37,229 [1] INFO labRepositoryCs.repository.CashiersDBRepository - updated order with id 1
2023-03-29 19:55:34,174 [1] INFO labRepositoryCs.repository.ArtistsDBRepository - Initializing ArtistsDBRepository
2023-03-29 19:55:34,185 [1] INFO labRepositoryCs.repository.ArtistsDBRepository - getting all artists
2023-03-29 19:55:34,258 [1] INFO labRepositoryCs.repository.ArtistsDBRepository - finished finding all
2023-03-29 19:55:34,260 [1] INFO labRepositoryCs.repository.CashiersDBRepository - Initializing CashiersDBRepository
2023-03-29 19:55:34,261 [1] INFO labRepositoryCs.repository.CashiersDBRepository - find cashier by username and password toni toni
2023-03-29 19:55:34,266 [1] INFO labRepositoryCs.repository.CashiersDBRepository - The cashier found labRepositoryCs.model.Cashier
2023-03-29 19:55:34,266 [1] INFO labRepositoryCs.repository.ArtistsDBRepository - Initializing OrdersDBRepository
2023-03-29 19:55:34,267 [1] INFO labRepositoryCs.repository.ArtistsDBRepository - saving the order labRepositoryCs.model.Order in db
2023-03-29 19:55:34,324 [1] INFO labRepositoryCs.repository.ArtistsDBRepository - saved entity labRepositoryCs.model.Order
2023-03-29 19:55:34,324 [1] INFO labRepositoryCs.repository.CashiersDBRepository - Initializing ConcertsDBRepository
2023-03-29 19:55:34,325 [1] INFO labRepositoryCs.repository.CashiersDBRepository - update concert tickets with id 1
2023-03-29 19:55:34,325 [1] INFO labRepositoryCs.repository.CashiersDBRepository - updated order with id 1
2023-03-29 21:40:25,935 [1] INFO labRepositoryCs.repository.ArtistsDBRepository - Initializing ArtistsDBRepository
2023-03-29 21:40:25,947 [1] INFO labRepositoryCs.repository.ArtistsDBRepository - getting all artists
2023-03-29 21:40:26,016 [1] INFO labRepositoryCs.repository.ArtistsDBRepository - finished finding all
2023-03-29 21:40:26,019 [1] INFO labRepositoryCs.repository.CashiersDBRepository - Initializing CashiersDBRepository
2023-03-29 21:40:26,019 [1] INFO labRepositoryCs.repository.CashiersDBRepository - find cashier by username and password toni toni
2023-03-29 21:40:26,024 [1] INFO labRepositoryCs.repository.CashiersDBRepository - The cashier found labRepositoryCs.model.Cashier
2023-03-29 21:40:26,025 [1] INFO labRepositoryCs.repository.ArtistsDBRepository - Initializing OrdersDBRepository
2023-03-29 21:40:26,025 [1] INFO labRepositoryCs.repository.ArtistsDBRepository - saving the order labRepositoryCs.model.Order in db
2023-03-29 21:40:26,039 [1] INFO labRepositoryCs.repository.ArtistsDBRepository - saved entity labRepositoryCs.model.Order
2023-03-29 21:40:26,039 [1] INFO labRepositoryCs.repository.CashiersDBRepository - Initializing ConcertsDBRepository
2023-03-29 21:40:26,040 [1] INFO labRepositoryCs.repository.CashiersDBRepository - update concert tickets with id 1
2023-03-29 21:40:26,040 [1] INFO labRepositoryCs.repository.CashiersDBRepository - Exiting update without updating
2023-03-29 21:42:17,424 [1] INFO labRepositoryCs.repository.ArtistsDBRepository - Initializing ArtistsDBRepository
2023-03-29 21:42:17,437 [1] INFO labRepositoryCs.repository.ArtistsDBRepository - getting all artists
2023-03-29 21:42:17,513 [1] INFO labRepositoryCs.repository.ArtistsDBRepository - finished finding all
2023-03-29 21:42:17,515 [1] INFO labRepositoryCs.repository.CashiersDBRepository - Initializing CashiersDBRepository
2023-03-29 21:42:17,517 [1] INFO labRepositoryCs.repository.CashiersDBRepository - find cashier by username and password toni toni
2023-03-29 21:42:17,522 [1] INFO labRepositoryCs.repository.CashiersDBRepository - The cashier found labRepositoryCs.model.Cashier
2023-03-29 21:42:17,522 [1] INFO labRepositoryCs.repository.ArtistsDBRepository - Initializing OrdersDBRepository
2023-03-29 21:42:17,523 [1] INFO labRepositoryCs.repository.ArtistsDBRepository - saving the order labRepositoryCs.model.Order in db
2023-03-29 21:42:17,577 [1] INFO labRepositoryCs.repository.ArtistsDBRepository - saved entity labRepositoryCs.model.Order
2023-03-29 21:42:17,577 [1] INFO labRepositoryCs.repository.CashiersDBRepository - Initializing ConcertsDBRepository
2023-03-29 21:42:17,578 [1] INFO labRepositoryCs.repository.CashiersDBRepository - update concert tickets with id 1
2023-03-29 21:42:17,585 [1] INFO labRepositoryCs.repository.CashiersDBRepository - updated order with id 1
2023-03-29 21:43:20,949 [1] INFO labRepositoryCs.repository.ArtistsDBRepository - Initializing ArtistsDBRepository
2023-03-29 21:43:20,962 [1] INFO labRepositoryCs.repository.ArtistsDBRepository - getting all artists
2023-03-29 21:43:21,029 [1] INFO labRepositoryCs.repository.ArtistsDBRepository - finished finding all
2023-03-29 21:43:21,033 [1] INFO labRepositoryCs.repository.CashiersDBRepository - Initializing CashiersDBRepository
2023-03-29 21:43:21,033 [1] INFO labRepositoryCs.repository.CashiersDBRepository - find cashier by username and password toni toni
2023-03-29 21:43:21,038 [1] INFO labRepositoryCs.repository.CashiersDBRepository - The cashier found labRepositoryCs.model.Cashier
2023-03-29 21:43:21,040 [1] INFO labRepositoryCs.repository.ArtistsDBRepository - Initializing OrdersDBRepository
2023-03-29 21:43:21,040 [1] INFO labRepositoryCs.repository.ArtistsDBRepository - saving the order labRepositoryCs.model.Order in db
2023-03-29 21:43:21,050 [1] INFO labRepositoryCs.repository.ArtistsDBRepository - saved entity labRepositoryCs.model.Order
2023-03-29 21:43:21,051 [1] INFO labRepositoryCs.repository.CashiersDBRepository - Initializing ConcertsDBRepository
2023-03-29 21:43:21,052 [1] INFO labRepositoryCs.repository.CashiersDBRepository - update concert tickets with id 1
2023-03-29 21:43:21,061 [1] INFO labRepositoryCs.repository.CashiersDBRepository - updated order with id 1
2023-03-29 22:22:49,987 [1] INFO labRepositoryCs.repository.ArtistsDBRepository - Initializing ArtistsDBRepository
2023-03-29 22:22:50,002 [1] INFO labRepositoryCs.repository.ArtistsDBRepository - getting all artists
2023-03-29 22:22:50,083 [1] INFO labRepositoryCs.repository.ArtistsDBRepository - finished finding all
2023-03-29 22:22:50,085 [1] INFO labRepositoryCs.repository.CashiersDBRepository - Initializing CashiersDBRepository
2023-03-29 22:22:50,087 [1] INFO labRepositoryCs.repository.CashiersDBRepository - find cashier by username and password toni toni
2023-03-29 22:22:50,091 [1] INFO labRepositoryCs.repository.CashiersDBRepository - The cashier found labRepositoryCs.model.Cashier
2023-03-29 22:22:50,091 [1] INFO labRepositoryCs.repository.ArtistsDBRepository - Initializing OrdersDBRepository
2023-03-29 22:22:50,092 [1] INFO labRepositoryCs.repository.ArtistsDBRepository - saving the order labRepositoryCs.model.Order in db
2023-03-29 22:22:50,102 [1] INFO labRepositoryCs.repository.ArtistsDBRepository - saved entity labRepositoryCs.model.Order
2023-03-29 22:22:50,102 [1] INFO labRepositoryCs.repository.CashiersDBRepository - Initializing ConcertsDBRepository
2023-03-29 22:22:50,103 [1] INFO labRepositoryCs.repository.CashiersDBRepository - update concert tickets with id 1
2023-03-29 22:22:50,104 [1] INFO labRepositoryCs.repository.CashiersDBRepository - updated order with id 1
2023-03-30 08:58:25,958 [1] INFO labRepositoryCs.repository.ArtistsDBRepository - Initializing ArtistsDBRepository
2023-03-30 08:58:25,971 [1] INFO labRepositoryCs.repository.ArtistsDBRepository - getting all artists
2023-03-30 08:58:26,043 [1] INFO labRepositoryCs.repository.ArtistsDBRepository - finished finding all
2023-03-30 08:58:26,045 [1] INFO labRepositoryCs.repository.CashiersDBRepository - Initializing CashiersDBRepository
2023-03-30 08:58:26,046 [1] INFO labRepositoryCs.repository.CashiersDBRepository - find cashier by username and password toni toni
2023-03-30 08:58:26,051 [1] INFO labRepositoryCs.repository.CashiersDBRepository - The cashier found labRepositoryCs.model.Cashier
2023-03-30 08:58:26,051 [1] INFO labRepositoryCs.repository.ArtistsDBRepository - Initializing OrdersDBRepository
2023-03-30 08:58:26,052 [1] INFO labRepositoryCs.repository.ArtistsDBRepository - saving the order labRepositoryCs.model.Order in db
2023-03-30 08:58:26,063 [1] INFO labRepositoryCs.repository.ArtistsDBRepository - saved entity labRepositoryCs.model.Order
2023-03-30 08:58:26,063 [1] INFO labRepositoryCs.repository.CashiersDBRepository - Initializing ConcertsDBRepository
2023-03-30 08:58:26,064 [1] INFO labRepositoryCs.repository.CashiersDBRepository - update concert tickets with id 1
2023-03-30 08:58:26,064 [1] INFO labRepositoryCs.repository.CashiersDBRepository - updated order with id 1
2023-03-30 08:59:35,592 [1] INFO labRepositoryCs.repository.ArtistsDBRepository - Initializing ArtistsDBRepository
2023-03-30 08:59:35,621 [1] INFO labRepositoryCs.repository.ArtistsDBRepository - getting all artists
2023-03-30 08:59:35,735 [1] INFO labRepositoryCs.repository.ArtistsDBRepository - finished finding all
2023-03-30 08:59:35,736 [1] INFO labRepositoryCs.repository.CashiersDBRepository - Initializing CashiersDBRepository
2023-03-30 08:59:46,265 [1] INFO labRepositoryCs.repository.CashiersDBRepository - find cashier by username and password toni toni
